Running: ./h264ref_base.riscv -d foreman_ref_encoder_baseline.cfg
Setting Default Parameters...
Parsing Configfile foreman_ref_encoder_baseline.cfg.....................................................................................................

------------------------------- JM 9.3 (FRExt) --------------------------------
 Input YUV file                    : foreman_qcif.yuv 
 Output H.264 bitstream            : foreman_qcif.264 
 YUV Format                        : YUV 4:2:0 
 Frames to be encoded I-P/B        : 120/0
 PicInterlace / MbInterlace        : 0/0
 Transform8x8Mode                  : 0
-------------------------------------------------------------------------------
  Frame  Bit/pic WP QP   SnrY    SnrU    SnrV    Time(ms) MET(ms) Frm/Fld   I D
-------------------------------------------------------------------------------
0000(NVB)     176 
0000(IDR)   21952 0 28  37.383  41.260  42.850        0       0     FRM    99
0001(P)      3024 0 28  36.868  41.036  42.720        0       0     FRM     0
0002(P)      4120 0 28  36.875  40.936  42.683        0       0     FRM     2
0003(P)      4552 0 28  36.851  40.950  42.670        0       0     FRM     2
0004(P)      4952 0 28  36.848  40.815  42.407        0       0     FRM     2
0005(P)      4448 0 28  36.775  40.691  42.386        0       0     FRM     1
0006(P)      3944 0 28  36.689  40.740  42.206        0       0     FRM     1
0007(P)      4040 0 28  36.698  40.821  42.262        0       0     FRM     0
0008(P)      4104 0 28  36.751  40.824  42.114        0       0     FRM     0
0009(P)      4576 0 28  36.724  40.773  41.954        0       0     FRM     1
0010(P)      4504 0 28  36.701  40.618  41.919        0       0     FRM     1
0011(P)      4120 0 28  36.695  40.745  41.882        0       0     FRM     0
0012(P)      5128 0 28  36.709  40.792  42.289        0       0     FRM     0
0013(P)      5680 0 28  36.651  40.754  42.503        0       0     FRM     1
0014(P)      5784 0 28  36.617  40.751  42.436        0       0     FRM     1
0015(P)      5536 0 28  36.598  40.758  42.418        0       0     FRM     0
0016(P)      4616 0 28  36.413  40.683  42.375        0       0     FRM     0
0017(P)      4384 0 28  36.410  40.609  42.341        0       0     FRM     0
0018(P)      3840 0 28  36.437  40.610  42.225        0       0     FRM     2
0019(P)      3432 0 28  36.484  40.704  42.084        0       0     FRM     0
0020(P)      3048 0 28  36.505  40.650  42.206        0       0     FRM     0
0021(P)      3304 0 28  36.571  40.518  42.277        0       0     FRM     1
0022(P)      3880 0 28  36.568  40.456  42.220        0       0     FRM     1
0023(P)      3648 0 28  36.518  40.410  42.155        0       0     FRM     2
0024(P)      3928 0 28  36.469  40.600  42.122        0       0     FRM     0
0025(P)      3824 0 28  36.474  40.490  42.078        0       0     FRM     1
0026(P)      2896 0 28  36.383  40.557  42.160        0       0     FRM     0
0027(P)      1552 0 28  36.304  40.589  42.156        0       0     FRM     0
0028(P)      1832 0 28  36.281  40.608  42.009        0       0     FRM     0
0029(P)      2136 0 28  36.339  40.679  42.032        0       0     FRM     0
0030(P)      2248 0 28  36.383  40.773  42.062        0       0     FRM     0
0031(P)      3032 0 28  36.528  40.727  42.051        0       0     FRM     1
0032(P)      3504 0 28  36.421  40.801  42.127        0       0     FRM     0
0033(P)      4440 0 28  36.591  40.669  42.130        0       0     FRM     1
0034(P)      3800 0 28  36.550  40.754  42.101        0       0     FRM     2
0035(P)      3712 0 28  36.533  40.813  42.065        0       0     FRM     1
0036(P)      3984 0 28  36.478  40.898  42.169        0       0     FRM     1
0037(P)      4360 0 28  36.561  41.059  42.105        0       0     FRM     3
0038(P)      3552 0 28  36.484  40.924  41.929        0       0     FRM     0
0039(P)      2992 0 28  36.601  40.780  41.884        0       0     FRM     0
0040(P)      2504 0 28  36.613  40.709  41.938        0       0     FRM     0
0041(P)      3568 0 28  36.719  40.960  41.814        0       0     FRM     2
0042(P)      3504 0 28  36.663  40.869  41.673        0       0     FRM     0
0043(P)      3040 0 28  36.614  41.105  41.890        0       0     FRM     4
0044(P)      3424 0 28  36.636  41.193  41.794        0       0     FRM     2
0045(P)      3304 0 28  36.716  41.203  41.680        0       0     FRM     1
0046(P)      3304 0 28  36.785  41.120  41.647        0       0     FRM     0
0047(P)      4072 0 28  36.778  40.996  41.646        0       0     FRM     0
0048(P)      4464 0 28  36.675  40.855  41.625        0       0     FRM     0
0049(P)      4424 0 28  36.579  40.609  41.598        0       0     FRM     0
0050(P)      3880 0 28  36.445  40.529  41.606        0       0     FRM     1
0051(P)      3792 0 28  36.487  40.307  41.706        0       0     FRM     0
0052(P)      3968 0 28  36.530  40.442  41.566        0       0     FRM     0
0053(P)      4120 0 28  36.383  40.339  41.767        0       0     FRM     1
0054(P)      4720 0 28  36.238  40.259  41.887        0       0     FRM     0
0055(P)      4504 0 28  36.127  40.228  41.802        0       0     FRM     0
0056(P)      4208 0 28  36.176  40.217  41.790        0       0     FRM     0
0057(P)      3664 0 28  36.200  40.277  41.793        0       0     FRM     0
0058(P)      4072 0 28  36.399  40.222  41.671        0       0     FRM     0
0059(P)      3120 0 28  36.387  40.315  41.489        0       0     FRM     0
0060(P)      3488 0 28  36.487  40.362  41.779        0       0     FRM     1
0061(P)      3408 0 28  36.380  40.461  41.780        0       0     FRM     0
0062(P)      3944 0 28  36.576  40.507  41.825        0       0     FRM     0
0063(P)      3264 0 28  36.537  40.540  41.792        0       0     FRM     0
0064(P)      4080 0 28  36.582  40.497  41.555        0       0     FRM     2
0065(P)      4264 0 28  36.563  40.524  41.512        0       0     FRM     2
0066(P)      4776 0 28  36.590  40.633  41.245        0       0     FRM     1
0067(P)      4984 0 28  36.656  40.729  41.448        0       0     FRM     2
0068(P)      4328 0 28  36.628  40.748  41.485        0       0     FRM     1
0069(P)      4064 0 28  36.612  40.636  41.513        0       0     FRM     1
0070(P)      4688 0 28  36.644  40.540  41.466        0       0     FRM     2
0071(P)      4584 0 28  36.599  40.737  41.756        0       0     FRM     3
0072(P)      4992 0 28  36.745  40.879  41.875        0       0     FRM     4
0073(P)      4312 0 28  36.651  40.961  41.916        0       0     FRM     5
0074(P)      3544 0 28  36.649  40.729  41.640        0       0     FRM     0
0075(P)      3288 0 28  36.651  40.702  41.666        0       0     FRM     0
0076(P)      4240 0 28  36.882  40.688  41.416        0       0     FRM     0
0077(P)      4440 0 28  36.824  40.621  41.248        0       0     FRM     0
0078(P)      4672 0 28  36.760  40.704  41.252        0       0     FRM     0
0079(P)      4392 0 28  36.674  40.469  41.068        0       0     FRM     2
0080(P)      5112 0 28  36.504  40.404  41.010        0       0     FRM     1
0081(P)      5504 0 28  36.371  40.158  40.790        0       0     FRM     3
0082(P)      5208 0 28  36.381  40.002  40.771        0       0     FRM     2
0083(P)      4720 0 28  36.196  40.020  41.047        0       0     FRM     0
0084(P)      5504 0 28  36.115  40.170  41.185        0       0     FRM     0
0085(P)      5768 0 28  36.047  39.894  41.097        0       0     FRM     0
0086(P)      5272 0 28  35.957  39.856  41.237        0       0     FRM     0
0087(P)      4744 0 28  35.987  39.920  40.956        0       0     FRM     0
0088(P)      4760 0 28  36.127  39.989  40.982        0       0     FRM     2
0089(P)      5216 0 28  36.228  40.225  41.332        0       0     FRM     4
0090(P)      5696 0 28  36.504  40.527  41.872        0       0     FRM     3
0091(P)      5736 0 28  36.433  40.570  41.626        0       0     FRM     2
0092(P)      6128 0 28  36.603  40.445  41.383        0       0     FRM     7
0093(P)      6856 0 28  36.631  40.480  41.186        0       0     FRM     7
0094(P)      6848 0 28  36.603  40.629  41.516        0       0     FRM     7
0095(P)      4744 0 28  36.487  40.541  41.447        0       0     FRM     1
0096(P)      4184 0 28  36.598  40.403  41.246        0       0     FRM     1
0097(P)      2952 0 28  36.463  40.558  41.371        0       0     FRM     0
0098(P)      3200 0 28  36.556  40.655  41.425        0       0     FRM     2
0099(P)      2560 0 28  36.552  40.736  41.548        0       0     FRM     0
0100(P)      2424 0 28  36.555  40.642  41.549        0       0     FRM     2
0101(P)      2704 0 28  36.658  40.633  41.528        0       0     FRM     0
0102(P)      2600 0 28  36.748  40.570  41.583        0       0     FRM     0
0103(P)      2288 0 28  36.659  40.555  41.473        0       0     FRM     0
0104(P)      2800 0 28  36.700  40.652  41.272        0       0     FRM     0
0105(P)      2616 0 28  36.687  40.553  41.666        0       0     FRM     1
0106(P)      1792 0 28  36.589  40.722  41.537        0       0     FRM     0
0107(P)      1432 0 28  36.645  40.781  41.594        0       0     FRM     0
0108(P)      1944 0 28  36.705  40.740  41.351        0       0     FRM     0
0109(P)      2464 0 28  36.689  40.759  41.561        0       0     FRM     0
0110(P)      1976 0 28  36.762  40.740  41.422        0       0     FRM     0
0111(P)      2376 0 28  36.801  40.745  41.364        0       0     FRM     0
0112(P)      2568 0 28  36.861  40.766  41.402        0       0     FRM     0
0113(P)      2336 0 28  36.842  40.698  41.436        0       0     FRM     0
0114(P)      2208 0 28  36.741  40.655  41.272        0       0     FRM     0
0115(P)      2248 0 28  36.724  40.683  41.448        0       0     FRM     0
0116(P)      2456 0 28  36.770  40.595  41.278        0       0     FRM     0
0117(P)      1504 0 28  36.663  40.560  41.223        0       0     FRM     0
0118(P)      2464 0 28  36.832  40.600  41.408        0       0     FRM     0
0119(P)      2552 0 28  36.757  40.564  41.473        0       0     FRM     0
-------------------------------------------------------------------------------
 Total Frames:  120 (120) 
 Leaky BucketRateFile does not have valid entries;
 using rate calculated from avg. rate 
 Number Leaky Buckets: 8 
     Rmin     Bmin     Fmin 
   119550    41256    41256 
   149430    21952    21952 
   179310    21952    21952 
   209190    21952    21952 
   239070    21952    21952 
   268950    21952    21952 
   298830    21952    21952 
   328710    21952    21952 
-------------------------------------------------------------------------------
 Freq. for encoded bitstream       : 30
 Hadamard transform                : Used
 Image format                      : 176x144
 Error robustness                  : Off
 Search range                      : 16
 Total number of references        : 10
 References for P slices           : 10
 Total encoding time for the seq.  : 0.000 sec 
 Total ME time for sequence        : 0.000 sec 
 Sequence type                     : IPPP (QP: I 28, P 28) 
 Entropy coding method             : CAVLC
 Profile/Level IDC                 : (66,30)
 Search range restrictions         : none
 RD-optimized mode decision        : used
 Data Partitioning Mode            : 1 partition 
 Output File Format                : H.264 Bit Stream File Format 
 Residue Color Transform           : not used
------------------ Average data all frames  -----------------------------------
 SNR Y(dB)                         : 36.57
 SNR U(dB)                         : 40.62
 SNR V(dB)                         : 41.74
 Total bits                        : 478456 (I 21952, P 456328, NVB 176) 
 Bit rate (kbit/s)  @ 30.00 Hz     : 119.61
 Bits to avoid Startcode Emulation : 0 
 Bits for parameter sets           : 176 
-------------------------------------------------------------------------------
Exit JM 9 (FRExt) encoder ver 9.3 
Running: ./h264ref_base.riscv -d foreman_ref_encoder_main.cfg
Setting Default Parameters...
Parsing Configfile foreman_ref_encoder_main.cfg.....................................................................................................

------------------------------- JM 9.3 (FRExt) --------------------------------
 Input YUV file                    : foreman_qcif.yuv 
 Output H.264 bitstream            : encoded_main.264 
 YUV Format                        : YUV 4:2:0 
 Frames to be encoded I-P/B        : 62/61
 PicInterlace / MbInterlace        : 0/0
 Transform8x8Mode                  : 0
-------------------------------------------------------------------------------
  Frame  Bit/pic WP QP   SnrY    SnrU    SnrV    Time(ms) MET(ms) Frm/Fld   I D
-------------------------------------------------------------------------------
0000(NVB)     176 
0000(IDR)   21032 0 28  37.449  41.305  43.059        0       0     FRM    99
0002(P)      5184 0 28  36.974  41.078  42.818        0       0     FRM     5
0001(B)       856 0 30  36.302  41.136  43.049        0       0     FRM     0 1
0004(P)      6696 0 28  36.880  40.754  42.280        0       0     FRM     6
0003(B)       984 0 30  36.201  40.876  42.576        0       0     FRM     0 1
0006(I)     21552 0 28  37.345  41.214  42.645        0       0     FRM    99
0005(B)       928 0 30  36.569  41.177  42.913        0       0     FRM     0 1
0008(P)      5144 0 28  37.123  40.975  42.650        0       0     FRM     0
0007(B)       808 0 30  36.666  41.074  42.810        0       0     FRM     0 1
0010(P)      6264 0 28  36.961  40.808  42.666        0       0     FRM     2
0009(B)       992 0 30  36.498  40.854  42.649        0       0     FRM     0 1
0012(I)     22536 0 28  37.109  41.289  43.040        0       0     FRM    99
0011(B)      1240 0 30  36.625  41.213  43.071        0       0     FRM     0 1
0014(P)      7656 0 28  36.898  41.079  42.687        0       0     FRM     3
0013(B)      1736 0 30  36.031  41.246  43.039        0       0     FRM     0 1
0016(P)      7616 0 28  36.736  40.923  42.818        0       0     FRM     4
0015(B)      1536 0 30  35.982  40.926  42.655        0       0     FRM     0 1
0018(I)     22480 0 28  37.089  41.174  43.019        0       0     FRM    99
0017(B)       904 0 30  36.476  41.412  43.202        0       0     FRM     0 1
0020(P)      3568 0 28  36.937  41.039  42.748        0       0     FRM     0
0019(B)       624 0 30  36.595  41.089  42.546        0       0     FRM     0 1
0022(P)      4928 0 28  37.026  40.760  42.368        0       0     FRM     1
0021(B)       800 0 30  36.566  40.935  42.509        0       0     FRM     0 1
0024(I)     22680 0 28  37.018  41.335  43.190        0       0     FRM    99
0023(B)       984 0 30  36.443  41.167  43.171        0       0     FRM     1 1
0026(P)      3944 0 28  37.010  41.219  43.077        0       0     FRM     1
0025(B)       584 0 30  36.552  41.169  42.996        0       0     FRM     0 1
0028(P)      2656 0 28  36.974  41.146  43.005        0       0     FRM     1
0027(B)       424 0 30  36.818  41.117  42.872        0       0     FRM     0 1
0030(I)     22872 0 28  36.977  41.275  42.950        0       0     FRM    99
0029(B)       480 0 30  37.434  41.381  43.442        0       0     FRM     0 1
0032(P)      4120 0 28  37.194  41.373  42.920        0       0     FRM     2
0031(B)       528 0 30  36.630  41.397  43.015        0       0     FRM     0 1
0034(P)      4768 0 28  37.053  41.188  42.779        0       0     FRM     3
0033(B)       824 0 30  36.371  41.274  42.673        0       0     FRM     0 1
0036(I)     22480 0 28  36.982  41.332  42.719        0       0     FRM    99
0035(B)       632 0 30  36.731  41.429  43.084        0       0     FRM     0 1
0038(P)      4808 0 28  37.194  41.230  42.344        0       0     FRM     0
0037(B)       488 0 30  36.809  41.422  42.497        0       0     FRM     0 1
0040(P)      3704 0 28  37.129  41.227  42.148        0       0     FRM     1
0039(B)       520 0 30  36.585  41.132  42.138        0       0     FRM     0 1
0042(I)     22360 0 28  37.230  41.447  42.720        0       0     FRM    99
0041(B)       856 0 30  36.836  41.588  42.755        0       0     FRM     0 1
0044(P)      4032 0 28  37.187  41.632  42.686        0       0     FRM     0
0043(B)       728 0 30  36.991  41.607  42.625        0       0     FRM     0 1
0046(P)      4072 0 28  37.202  41.463  42.270        0       0     FRM     1
0045(B)       912 0 30  36.657  41.559  42.237        0       0     FRM     0 1
0048(I)     22112 0 28  37.265  41.093  42.427        0       0     FRM    99
0047(B)      1240 0 30  36.648  41.446  42.518        0       0     FRM     0 1
0050(P)      5528 0 28  37.051  40.762  42.257        0       0     FRM     1
0049(B)       928 0 30  36.657  40.833  42.388        0       0     FRM     0 1
0052(P)      5472 0 28  37.082  40.678  41.953        0       0     FRM     0
0051(B)       736 0 30  36.500  40.638  42.010        0       0     FRM     0 1
0054(I)     24088 0 28  37.124  40.658  42.390        0       0     FRM    99
0053(B)       992 0 30  36.579  40.788  42.468        0       0     FRM     0 1
0056(P)      5840 0 28  36.687  40.636  42.233        0       0     FRM     3
0055(B)      1088 0 30  36.216  40.519  42.217        0       0     FRM     0 1
0058(P)      5248 0 28  36.869  40.854  42.011        0       0     FRM     1
0057(B)      1128 0 30  36.141  40.585  42.010        0       0     FRM     0 1
0060(I)     23664 0 28  37.025  41.023  42.673        0       0     FRM    99
0059(B)       824 0 30  36.818  41.130  42.615        0       0     FRM     0 1
0062(P)      4424 0 28  37.187  40.990  42.446        0       0     FRM     0
0061(B)       768 0 30  36.669  41.029  42.625        0       0     FRM     0 1
0064(P)      5344 0 28  37.249  41.014  42.463        0       0     FRM     1
0063(B)       896 0 30  36.738  40.970  42.554        0       0     FRM     0 1
0066(I)     22504 0 28  37.300  40.853  42.397        0       0     FRM    99
0065(B)       928 0 30  36.726  41.103  42.596        0       0     FRM     0 1
0068(P)      5640 0 28  37.179  41.123  42.137        0       0     FRM     2
0067(B)       576 0 30  36.575  41.046  42.287        0       0     FRM     0 1
0070(P)      6040 0 28  37.207  41.084  42.128        0       0     FRM     4
0069(B)      1000 0 30  36.491  41.044  42.025        0       0     FRM     0 1
0072(I)     21120 0 28  37.553  41.205  42.315        0       0     FRM    99
0071(B)      1144 0 30  36.629  41.559  42.471        0       0     FRM     0 1
0074(P)      4896 0 28  37.426  41.293  42.359        0       0     FRM     2
0073(B)       832 0 30  36.876  41.372  42.454        0       0     FRM     0 1
0076(P)      5120 0 28  37.360  41.095  42.202        0       0     FRM     2
0075(B)       984 0 30  36.612  41.084  42.290        0       0     FRM     0 1
0078(I)     22184 0 28  37.377  41.110  42.226        0       0     FRM    99
0077(B)      1520 0 30  36.500  41.184  42.575        0       0     FRM     0 1
0080(P)      7504 0 28  37.119  40.942  41.730        0       0     FRM     4
0079(B)      1544 0 30  36.411  41.016  41.850        0       0     FRM     0 1
0082(P)      6728 0 28  36.814  40.418  41.404        0       0     FRM     8
0081(B)      1448 0 30  36.220  40.548  41.561        0       0     FRM     0 1
0084(I)     24232 0 28  37.051  40.758  41.955        0       0     FRM    99
0083(B)      1040 0 30  36.184  40.895  42.034        0       0     FRM     0 1
0086(P)      7304 0 28  36.615  40.358  41.207        0       0     FRM     1
0085(B)      1216 0 30  36.016  40.545  41.746        0       0     FRM     0 1
0088(P)      6768 0 28  36.695  40.730  41.360        0       0     FRM     2
0087(B)      1056 0 30  36.037  40.370  41.278        0       0     FRM     0 1
0090(I)     22768 0 28  37.189  40.846  42.312        0       0     FRM    99
0089(B)      2040 0 30  35.989  40.819  41.747        0       0     FRM     4 1
0092(P)      7336 0 28  37.134  41.075  42.158        0       0     FRM     9
0091(B)      2312 0 30  36.219  40.651  41.946        0       0     FRM     0 1
0094(P)      8880 0 28  37.099  40.849  41.946        0       0     FRM    21
0093(B)      2688 0 30  36.163  41.074  41.528        0       0     FRM     1 1
0096(I)     22544 0 28  37.269  41.377  42.404        0       0     FRM    99
0095(B)      1216 0 30  36.544  41.198  42.338        0       0     FRM     0 1
0098(P)      4312 0 28  37.218  41.404  42.408        0       0     FRM     1
0097(B)       872 0 30  36.886  41.319  42.385        0       0     FRM     0 1
0100(P)      3520 0 28  37.345  41.175  42.158        0       0     FRM     3
0099(B)       504 0 30  36.821  41.218  42.248        0       0     FRM     0 1
0102(I)     22104 0 28  37.457  40.953  42.430        0       0     FRM    99
0101(B)       256 0 30  37.425  41.475  42.833        0       0     FRM     0 1
0104(P)      2992 0 28  37.519  41.245  42.319        0       0     FRM     0
0103(B)       472 0 30  37.178  41.126  42.371        0       0     FRM     0 1
0106(P)      3056 0 28  37.497  41.343  42.399        0       0     FRM     0
0105(B)       296 0 30  37.005  41.316  42.508        0       0     FRM     0 1
0108(I)     21904 0 28  37.346  40.990  42.273        0       0     FRM    99
0107(B)       344 0 30  37.548  41.314  42.838        0       0     FRM     0 1
0110(P)      2400 0 28  37.503  41.154  42.520        0       0     FRM     0
0109(B)       408 0 30  37.314  41.171  42.444        0       0     FRM     0 1
0112(P)      2992 0 28  37.582  41.254  42.413        0       0     FRM     0
0111(B)       520 0 30  37.114  41.071  42.368        0       0     FRM     0 1
0114(I)     22152 0 28  37.421  41.286  42.666        0       0     FRM    99
0113(B)       376 0 30  37.231  41.412  43.167        0       0     FRM     0 1
0116(P)      2728 0 28  37.591  41.274  42.577        0       0     FRM     0
0115(B)       168 0 30  37.218  41.328  42.774        0       0     FRM     0 1
0118(P)      2840 0 28  37.588  41.299  42.676        0       0     FRM     0
0117(B)       224 0 30  37.025  41.292  42.664        0       0     FRM     0 1
0120(I)     21992 0 28  37.435  41.387  42.461        0       0     FRM    99
0119(B)       464 0 30  37.534  41.613  43.019        0       0     FRM     0 1
0122(P)      3504 0 28  37.393  41.320  42.316        0       0     FRM     0
0121(B)       272 0 30  37.356  41.398  42.482        0       0     FRM     0 1
-------------------------------------------------------------------------------
 Total Frames:  123 (62) 
 Leaky BucketRateFile does not have valid entries;
 using rate calculated from avg. rate 
 Number Leaky Buckets: 8 
     Rmin     Bmin     Fmin 
    89220    46712    43676 
   111525    24232    21032 
   133830    24232    21032 
   156135    24232    21032 
   178440    24232    21032 
   200745    24232    21032 
   223050    24232    21032 
   245355    24232    21032 
-------------------------------------------------------------------------------
 Freq. for encoded bitstream       : 15
 Hadamard transform                : Used
 Image format                      : 176x144
 Error robustness                  : Off
 Search range                      : 16
 Total number of references        : 5
 References for P slices           : 5
 List0 references for B slices     : 5
 List1 references for B slices     : 1
 Total encoding time for the seq.  : 0.000 sec 
 Total ME time for sequence        : 0.000 sec 
 Sequence type                     : I-B-P-B-P (QP: I 28, P 28, B 30) 
 Entropy coding method             : CABAC
 Profile/Level IDC                 : (77,30)
 Search range restrictions         : none
 RD-optimized mode decision        : used
 Data Partitioning Mode            : 1 partition 
 Output File Format                : H.264 Bit Stream File Format 
 Residue Color Transform           : not used
------------------ Average data all frames  -----------------------------------
 SNR Y(dB)                         : 36.92
 SNR U(dB)                         : 41.10
 SNR V(dB)                         : 42.46
 Total bits                        : 731800 (I 471360, P 205576, B 54688 NVB 176) 
 Bit rate (kbit/s)  @ 30.00 Hz     : 178.49
 Bits to avoid Startcode Emulation : 0 
 Bits for parameter sets           : 176 
-------------------------------------------------------------------------------
Exit JM 9 (FRExt) encoder ver 9.3 
Running: ./h264ref_base.riscv -d sss_encoder_main.cfg
Setting Default Parameters...
Parsing Configfile sss_encoder_main.cfg.....................................................................................................

------------------------------- JM 9.3 (FRExt) --------------------------------
 Input YUV file                    : sss.yuv 
 Output H.264 bitstream            : sss.264 
 YUV Format                        : YUV 4:2:0 
 Frames to be encoded I-P/B        : 86/85
 PicInterlace / MbInterlace        : 0/0
 Transform8x8Mode                  : 0
-------------------------------------------------------------------------------
  Frame  Bit/pic WP QP   SnrY    SnrU    SnrV    Time(ms) MET(ms) Frm/Fld   I D
-------------------------------------------------------------------------------
0000(NVB)     176 
0000(IDR)   33920 0 28  43.618  43.400  42.753        0       0     FRM   640
0002(P)      7768 0 28  43.508  43.203  42.694        0       0     FRM   100
0001(B)       280 0 30  43.568  43.395  42.748        0       0     FRM     0 1
0004(P)     10336 0 28  43.478  43.102  42.820        0       0     FRM   177
0003(B)       224 0 30  43.508  43.203  42.694        0       0     FRM     0 1
0006(I)     29248 0 28  43.840  44.252  43.440        0       0     FRM   640
0005(B)      4440 0 30  42.330  42.875  42.207        0       0     FRM    31 1
0008(P)     15816 0 28  43.630  43.669  42.952        0       0     FRM   427
0007(B)      3976 0 30  42.660  43.118  42.357        0       0     FRM    14 1
0010(P)     22296 0 28  43.354  43.317  42.557        0       0     FRM   576
0009(B)      4640 0 30  41.946  43.375  42.439        0       0     FRM    18 1
0012(I)     28000 0 28  44.258  44.402  43.609        0       0     FRM   640
0011(B)       224 0 30  44.258  44.402  43.609        0       0     FRM     0 1
0014(P)     19304 0 28  43.808  44.144  43.264        0       0     FRM   575
0013(B)      5560 0 30  42.181  44.072  43.143        0       0     FRM    71 1
0016(P)     15272 0 28  44.342  44.730  43.736        0       0     FRM   533
0015(B)      4040 0 30  42.727  44.155  43.424        0       0     FRM    25 1
0018(I)     22728 0 28  45.221  45.740  44.852        0       0     FRM   640
0017(B)      3264 0 30  43.390  45.408  44.535        0       0     FRM    10 1
0020(P)      6024 0 28  45.341  45.744  44.740        0       0     FRM   111
0019(B)       528 0 30  45.141  45.690  44.763        0       0     FRM     0 1
0022(P)     13512 0 28  44.580  45.186  44.141        0       0     FRM   481
0021(B)      3400 0 30  43.408  45.354  44.265        0       0     FRM     3 1
0024(I)     21576 0 28  45.316  45.702  44.840        0       0     FRM   640
0023(B)      2824 0 30  43.532  45.422  44.384        0       0     FRM     3 1
0026(P)      8352 0 28  45.017  45.232  44.360        0       0     FRM   155
0025(B)      3096 0 30  43.353  45.423  44.416        0       0     FRM     6 1
0028(P)      6456 0 28  44.859  45.584  44.643        0       0     FRM    85
0027(B)       384 0 30  44.692  45.241  44.347        0       0     FRM     0 1
0030(I)     22280 0 28  44.839  45.230  44.718        0       0     FRM   640
0029(B)      2552 0 30  43.312  45.063  44.083        0       0     FRM    12 1
0032(P)      7728 0 28  44.504  44.437  43.960        0       0     FRM   131
0031(B)      2144 0 30  43.262  44.500  44.035        0       0     FRM     1 1
0034(P)      8176 0 28  44.075  44.268  43.499        0       0     FRM   206
0033(B)      2168 0 30  43.075  43.868  43.548        0       0     FRM     2 1
0036(I)     24936 0 28  44.428  44.758  44.060        0       0     FRM   640
0035(B)       304 0 30  44.324  44.707  44.076        0       0     FRM     0 1
0038(P)      8016 0 28  44.187  44.273  43.498        0       0     FRM   155
0037(B)      2728 0 30  43.015  43.765  42.936        0       0     FRM     3 1
0040(P)      7432 0 28  43.778  44.098  43.280        0       0     FRM   103
0039(B)      2712 0 30  42.709  43.662  42.859        0       0     FRM     5 1
0042(I)     25776 0 28  43.912  44.170  43.078        0       0     FRM   640
0041(B)      2576 0 30  42.281  43.687  42.781        0       0     FRM    10 1
0044(P)      6280 0 28  43.858  43.919  42.971        0       0     FRM    74
0043(B)      1840 0 30  42.393  42.928  42.221        0       0     FRM     3 1
0046(P)      5560 0 28  43.779  44.166  43.278        0       0     FRM    74
0045(B)      1648 0 30  42.641  43.821  42.922        0       0     FRM     2 1
0048(I)     25200 0 28  44.096  44.445  43.628        0       0     FRM   640
0047(B)       392 0 30  43.665  44.230  43.277        0       0     FRM     0 1
0050(P)      6064 0 28  43.274  44.280  43.555        0       0     FRM    66
0049(B)      1728 0 30  42.969  43.496  42.733        0       0     FRM    14 1
0052(P)      5600 0 28  44.068  44.597  43.874        0       0     FRM   100
0051(B)      1168 0 30  43.042  42.357  42.154        0       0     FRM     0 1
0054(I)     25744 0 28  44.234  44.407  43.199        0       0     FRM   640
0053(B)       376 0 30  43.901  44.667  43.887        0       0     FRM     0 1
0056(P)      6760 0 28  44.265  44.820  43.711        0       0     FRM    74
0055(B)      1800 0 30  43.134  44.017  43.060        0       0     FRM     0 1
0058(P)      5296 0 28  43.977  44.453  43.594        0       0     FRM    76
0057(B)      1744 0 30  43.180  44.584  43.479        0       0     FRM     1 1
0060(I)     24928 0 28  44.057  44.367  43.349        0       0     FRM   640
0059(B)       336 0 30  43.806  44.454  43.597        0       0     FRM     0 1
0062(P)      5960 0 28  44.350  44.408  43.550        0       0     FRM    63
0061(B)      2136 0 30  42.674  43.287  42.625        0       0     FRM     6 1
0064(P)      5656 0 28  44.225  44.566  43.596        0       0     FRM    69
0063(B)      2032 0 30  42.813  43.988  43.032        0       0     FRM     1 1
0066(I)     25360 0 28  43.981  44.557  43.519        0       0     FRM   640
0065(B)       904 0 30  44.193  44.579  43.631        0       0     FRM     0 1
0068(P)      5824 0 28  44.500  44.120  43.314        0       0     FRM    38
0067(B)       328 0 30  43.857  44.552  43.521        0       0     FRM     0 1
0070(P)      5560 0 28  44.278  43.912  43.165        0       0     FRM    97
0069(B)       296 0 30  44.167  43.897  43.166        0       0     FRM     0 1
0072(I)     25376 0 28  43.852  44.328  43.061        0       0     FRM   640
0071(B)      2648 0 30  42.899  43.707  42.803        0       0     FRM     4 1
0074(P)      5344 0 28  43.771  44.412  43.193        0       0     FRM    49
0073(B)       248 0 30  43.811  44.332  43.060        0       0     FRM     0 1
0076(P)      6664 0 28  43.799  44.482  43.356        0       0     FRM    99
0075(B)       240 0 30  43.774  44.470  43.354        0       0     FRM     0 1
0078(I)     24520 0 28  43.854  44.495  43.279        0       0     FRM   640
0077(B)       256 0 30  43.830  44.496  43.276        0       0     FRM     0 1
0080(P)      7952 0 28  43.635  44.135  43.102        0       0     FRM   103
0079(B)      1712 0 30  42.675  43.887  42.785        0       0     FRM     1 1
0082(P)      5432 0 28  43.588  44.309  43.279        0       0     FRM    66
0081(B)       256 0 30  43.566  44.314  43.280        0       0     FRM     0 1
0084(I)     27168 0 28  43.818  43.911  42.990        0       0     FRM   640
0083(B)       224 0 30  43.564  44.313  43.279        0       0     FRM     0 1
0086(P)      5592 0 28  43.778  43.914  43.047        0       0     FRM    76
0085(B)       272 0 30  43.752  43.919  42.997        0       0     FRM     0 1
0088(P)      6656 0 28  43.559  44.027  43.047        0       0     FRM    97
0087(B)       224 0 30  43.778  43.914  43.047        0       0     FRM     0 1
0090(I)     27312 0 28  43.600  43.858  43.114        0       0     FRM   640
0089(B)       352 0 30  43.637  44.072  43.089        0       0     FRM     0 1
0092(P)      4200 0 28  43.936  44.033  43.169        0       0     FRM     9
0091(B)       832 0 30  43.810  44.019  43.158        0       0     FRM     0 1
0094(P)      4752 0 28  43.764  43.858  43.088        0       0     FRM    42
0093(B)       736 0 30  43.797  44.007  43.151        0       0     FRM     0 1
0096(I)     28656 0 28  43.403  44.236  42.836        0       0     FRM   640
0095(B)      2144 0 30  42.683  42.931  42.268        0       0     FRM     0 1
0098(P)      6224 0 28  43.721  43.602  42.758        0       0     FRM    43
0097(B)       328 0 30  43.741  43.594  42.763        0       0     FRM     0 1
0100(P)      6760 0 28  43.539  43.583  42.804        0       0     FRM   100
0099(B)       232 0 30  43.781  43.600  42.760        0       0     FRM     0 1
0102(I)     30784 0 28  43.226  43.747  42.820        0       0     FRM   640
0101(B)       224 0 30  44.144  44.629  43.628        0       0     FRM     0 1
0104(P)      9320 0 28  43.486  43.409  42.787        0       0     FRM   118
0103(B)      2480 0 30  42.639  43.142  42.538        0       0     FRM     2 1
0106(P)      6976 0 28  43.353  43.465  42.727        0       0     FRM    87
0105(B)       224 0 30  43.486  43.409  42.787        0       0     FRM     0 1
0108(I)     32888 0 28  43.273  43.636  42.721        0       0     FRM   640
0107(B)      2328 0 30  42.613  42.903  42.387        0       0     FRM     7 1
0110(P)      7584 0 28  43.211  43.615  42.712        0       0     FRM    78
0109(B)       264 0 30  43.233  43.644  42.719        0       0     FRM     0 1
0112(P)      6168 0 28  43.285  43.426  42.531        0       0     FRM    49
0111(B)       224 0 30  43.211  43.615  42.712        0       0     FRM     0 1
0114(I)     33600 0 28  43.301  43.657  42.613        0       0     FRM   640
0113(B)       224 0 30  43.301  43.657  42.613        0       0     FRM     0 1
0116(P)     14824 0 28  42.853  43.093  42.221        0       0     FRM   227
0115(B)      3424 0 30  42.357  43.035  42.143        0       0     FRM     3 1
0118(P)      9184 0 28  43.012  42.556  41.897        0       0     FRM    71
0117(B)       232 0 30  42.917  43.092  42.221        0       0     FRM     0 1
0120(I)     37424 0 28  42.982  43.254  42.348        0       0     FRM   640
0119(B)      3000 0 30  42.338  42.607  41.802        0       0     FRM     3 1
0122(P)      8248 0 28  43.193  43.144  42.301        0       0     FRM    99
0121(B)      2784 0 30  42.189  42.903  42.083        0       0     FRM     3 1
0124(P)     10376 0 28  43.216  43.027  42.197        0       0     FRM   148
0123(B)      2816 0 30  42.173  42.130  41.599        0       0     FRM     2 1
0126(I)     36432 0 28  43.062  43.110  42.471        0       0     FRM   640
0125(B)      3528 0 30  42.428  42.498  41.940        0       0     FRM     2 1
0128(P)      6880 0 28  43.399  43.097  42.553        0       0     FRM    54
0127(B)       224 0 30  43.399  43.097  42.553        0       0     FRM     0 1
0130(P)     12472 0 28  43.244  42.840  42.212        0       0     FRM   246
0129(B)      3496 0 30  42.045  42.392  41.755        0       0     FRM     8 1
0132(I)     33856 0 28  43.426  43.456  42.707        0       0     FRM   640
0131(B)      3664 0 30  42.340  42.766  42.158        0       0     FRM    10 1
0134(P)      7984 0 28  43.625  43.370  42.749        0       0     FRM    74
0133(B)       264 0 30  43.443  43.445  42.700        0       0     FRM     0 1
0136(P)      8096 0 28  43.811  43.228  42.639        0       0     FRM   115
0135(B)       224 0 30  43.632  43.373  42.755        0       0     FRM     0 1
0138(I)     30752 0 28  43.904  43.675  42.777        0       0     FRM   640
0137(B)      3232 0 30  42.712  43.153  42.492        0       0     FRM     0 1
0140(P)      6296 0 28  43.752  43.452  42.586        0       0     FRM    54
0139(B)       256 0 30  43.709  43.450  42.580        0       0     FRM     0 1
0142(P)     10376 0 28  43.545  43.710  42.799        0       0     FRM   190
0141(B)      3376 0 30  42.531  42.966  42.318        0       0     FRM     9 1
0144(I)     29832 0 28  43.771  44.131  43.095        0       0     FRM   640
0143(B)      3056 0 30  42.642  43.536  42.617        0       0     FRM     4 1
0146(P)     10080 0 28  43.541  43.620  42.736        0       0     FRM   191
0145(B)      2800 0 30  42.437  43.232  42.267        0       0     FRM     1 1
0148(P)      6512 0 28  43.811  43.607  43.221        0       0     FRM    78
0147(B)       256 0 30  43.773  43.592  43.219        0       0     FRM     0 1
0150(I)     26488 0 28  43.970  44.166  43.272        0       0     FRM   640
0149(B)      3256 0 30  42.453  43.718  42.787        0       0     FRM    11 1
0152(P)     10824 0 28  43.695  44.029  43.005        0       0     FRM   329
0151(B)      3224 0 30  42.327  43.809  42.794        0       0     FRM    15 1
0154(P)      6520 0 28  43.794  44.171  43.372        0       0     FRM   107
0153(B)       240 0 30  43.673  44.013  43.011        0       0     FRM     0 1
0156(I)     25832 0 28  44.412  44.567  43.746        0       0     FRM   640
0155(B)      2392 0 30  42.997  44.114  43.184        0       0     FRM     8 1
0158(P)      7208 0 28  44.254  44.294  43.469        0       0     FRM   130
0157(B)      2352 0 30  43.049  44.179  43.211        0       0     FRM     1 1
0160(P)      6424 0 28  44.039  44.284  43.468        0       0     FRM   132
0159(B)      1816 0 30  42.824  44.182  43.205        0       0     FRM     7 1
0162(I)     24616 0 28  44.218  44.499  43.515        0       0     FRM   640
0161(B)      1040 0 30  43.872  44.270  43.454        0       0     FRM     0 1
0164(P)      4568 0 28  44.336  44.391  43.605        0       0     FRM    30
0163(B)      1112 0 30  43.896  43.852  43.192        0       0     FRM     1 1
0166(P)      4424 0 28  44.528  44.524  43.622        0       0     FRM    32
0165(B)      1048 0 30  43.972  44.240  43.527        0       0     FRM     0 1
0168(I)     25600 0 28  44.065  44.320  43.526        0       0     FRM   640
0167(B)      1400 0 30  44.009  44.854  43.847        0       0     FRM     0 1
0170(P)      5248 0 28  44.630  44.076  43.523        0       0     FRM    23
0169(B)       440 0 30  43.921  44.400  43.579        0       0     FRM     0 1
-------------------------------------------------------------------------------
 Total Frames:  171 (86) 
 Leaky BucketRateFile does not have valid entries;
 using rate calculated from avg. rate 
 Number Leaky Buckets: 8 
     Rmin     Bmin     Fmin 
    61950    87652    87652 
    77437    52564    52564 
    92924    37424    33920 
   108411    37424    33920 
   123898    37424    33920 
   139385    37424    33920 
   154872    37424    33920 
   170359    37424    33920 
-------------------------------------------------------------------------------
 Freq. for encoded bitstream       : 8
 Hadamard transform                : Used
 Image format                      : 512x320
 Error robustness                  : Off
 Search range                      : 16
 Total number of references        : 5
 References for P slices           : 5
 List0 references for B slices     : 5
 List1 references for B slices     : 1
 Total encoding time for the seq.  : 0.000 sec 
 Total ME time for sequence        : 0.000 sec 
 Sequence type                     : I-B-P-B-P (QP: I 28, P 28, B 30) 
 Entropy coding method             : CABAC
 Profile/Level IDC                 : (77,30)
 Search range restrictions         : none
 RD-optimized mode decision        : used
 Data Partitioning Mode            : 1 partition 
 Output File Format                : H.264 Bit Stream File Format 
 Residue Color Transform           : not used
------------------ Average data all frames  -----------------------------------
 SNR Y(dB)                         : 43.56
 SNR U(dB)                         : 43.95
 SNR V(dB)                         : 43.12
 Total bits                        : 1412640 (I 810832, P 461216, B 140416 NVB 176) 
 Bit rate (kbit/s)  @ 15.00 Hz     : 123.92
 Bits to avoid Startcode Emulation : 3160 
 Bits for parameter sets           : 176 
-------------------------------------------------------------------------------
Exit JM 9 (FRExt) encoder ver 9.3 
